Arguments: 
  /usr/local/bin/node /Users/walterbrunopradovieira/.yarn/bin/yarn.js add @prima/client

PATH: 
  /Users/walterbrunopradovieira/.yarn/bin:/Users/walterbrunopradovieira/.config/yarn/global/node_modules/.bin:/Users/walterbrunopradovieira/.gem/bin:/usr/local/opt/ruby/bin:/Users/walterbrunopradovieira/.fastlane/bin:/usr/local/bin:/usr/bin:/bin:/usr/sbin:/sbin:/usr/local/share/dotnet:~/.dotnet/tools:/Library/Apple/usr/bin:/Library/Frameworks/Mono.framework/Versions/Current/Commands:/Users/walterbrunopradovieira/.yarn/bin:/Users/walterbrunopradovieira/.config/yarn/global/node_modules/.bin:/Users/walterbrunopradovieira/.gem/bin:/usr/local/opt/ruby/bin:/Users/walterbrunopradovieira/.zinit/polaris/sbin:/Users/walterbrunopradovieira/.zinit/polaris/bin:/Users/walterbrunopradovieira/.fastlane/bin:/Users/walterbrunopradovieira/Android/Sdk/tools:/Users/walterbrunopradovieira/Android/Sdk/platform-tools:/usr/local/opt/node@14/bin:/Users/walterbrunopradovieira/Android/Sdk/emulator:/Users/walterbrunopradovieira/Android/Sdk/tools/bin:/usr/local/opt/node@14/binzplugin.zsh autoload -Uz _zplugin (( 0 )) && _comps[zplugin]=_zplugin ## End of Zinits:/Users/walterbrunopradovieira/Android/Sdk/tools:/Users/walterbrunopradovieira/Android/Sdk/platform-tools:/usr/local/bin:/usr/local/opt/node@14/bin:/Users/walterbrunopradovieira/Android/Sdk/emulator:/Users/walterbrunopradovieira/Android/Sdk/tools:/Users/walterbrunopradovieira/Android/Sdk/tools/bin:/Users/walterbrunopradovieira/Android/Sdk/platform-tools:/usr/local/opt/node@14/binzplugin.zsh
  autoload -Uz _zplugin
  (( ${+_comps} )) && _comps[zplugin]=_zplugin
  
  ## End of Zinits

Yarn version: 
  1.22.17

Node version: 
  16.13.2

Platform: 
  darwin x64

Trace: 
  Error: https://registry.yarnpkg.com/@prima%2fclient: Not found
      at Request.params.callback [as _callback] (/Users/walterbrunopradovieira/.yarn/lib/cli.js:67029:18)
      at Request.self.callback (/Users/walterbrunopradovieira/.yarn/lib/cli.js:140883:22)
      at Request.emit (node:events:390:28)
      at Request.<anonymous> (/Users/walterbrunopradovieira/.yarn/lib/cli.js:141855:10)
      at Request.emit (node:events:390:28)
      at IncomingMessage.<anonymous> (/Users/walterbrunopradovieira/.yarn/lib/cli.js:141777:12)
      at Object.onceWrapper (node:events:509:28)
      at IncomingMessage.emit (node:events:402:35)
      at endReadableNT (node:internal/streams/readable:1343:12)
      at processTicksAndRejections (node:internal/process/task_queues:83:21)

npm manifest: 
  {
    "name": "server",
    "version": "1.0.0",
    "description": "",
    "main": "index.js",
    "scripts": {
      "dev": "tsx watch src/server.ts"
    },
    "keywords": [],
    "author": "",
    "license": "ISC",
    "devDependencies": {
      "prisma": "^4.5.0",
      "tsx": "^3.11.0",
      "typescript": "^4.8.4"
    },
    "dependencies": {
      "fastify": "^4.9.2"
    }
  }

yarn manifest: 
  No manifest

Lockfile: 
  # THIS IS AN AUTOGENERATED FILE. DO NOT EDIT THIS FILE DIRECTLY.
  # yarn lockfile v1
  
  
  "@esbuild-kit/cjs-loader@^2.4.0":
    version "2.4.0"
    resolved "https://registry.yarnpkg.com/@esbuild-kit/cjs-loader/-/cjs-loader-2.4.0.tgz#643c4b2855a18f31cd983794536d4ff64d3b410d"
    integrity sha512-DBBCiHPgL2B/elUpvCDhNHXnlZQ9sfO2uyt1OJyAXKT41beQEFY4OxZ6gwS+ZesRCbZ6JV8M7GEyOPkjv8kdIw==
    dependencies:
      "@esbuild-kit/core-utils" "^3.0.0"
      get-tsconfig "^4.2.0"
  
  "@esbuild-kit/core-utils@^3.0.0":
    version "3.0.0"
    resolved "https://registry.yarnpkg.com/@esbuild-kit/core-utils/-/core-utils-3.0.0.tgz#e0f8463a32b4a9c9b456a7f9c31a5e038c8d2c19"
    integrity sha512-TXmwH9EFS3DC2sI2YJWJBgHGhlteK0Xyu1VabwetMULfm3oYhbrsWV5yaSr2NTWZIgDGVLHbRf0inxbjXqAcmQ==
    dependencies:
      esbuild "~0.15.10"
      source-map-support "^0.5.21"
  
  "@esbuild-kit/esm-loader@^2.5.0":
    version "2.5.0"
    resolved "https://registry.yarnpkg.com/@esbuild-kit/esm-loader/-/esm-loader-2.5.0.tgz#af208eb9e0449038e7f35957ec51b7e70135e116"
    integrity sha512-ySs0qOsiwj+hsgZM9/MniGdvfa9/WzqfFuIia8/5gSUPeIQIX2/tG91QakxPFOR35VFiwTB7wCiHtiS6dc6SkA==
    dependencies:
      "@esbuild-kit/core-utils" "^3.0.0"
      get-tsconfig "^4.2.0"
  
  "@esbuild/android-arm@0.15.12":
    version "0.15.12"
    resolved "https://registry.yarnpkg.com/@esbuild/android-arm/-/android-arm-0.15.12.tgz#e548b10a5e55b9e10537a049ebf0bc72c453b769"
    integrity sha512-IC7TqIqiyE0MmvAhWkl/8AEzpOtbhRNDo7aph47We1NbE5w2bt/Q+giAhe0YYeVpYnIhGMcuZY92qDK6dQauvA==
  
  "@esbuild/linux-loong64@0.15.12":
    version "0.15.12"
    resolved "https://registry.yarnpkg.com/@esbuild/linux-loong64/-/linux-loong64-0.15.12.tgz#475b33a2631a3d8ca8aa95ee127f9a61d95bf9c1"
    integrity sha512-tZEowDjvU7O7I04GYvWQOS4yyP9E/7YlsB0jjw1Ycukgr2ycEzKyIk5tms5WnLBymaewc6VmRKnn5IJWgK4eFw==
  
  "@fastify/ajv-compiler@^3.3.1":
    version "3.4.0"
    resolved "https://registry.npmjs.org/@fastify/ajv-compiler/-/ajv-compiler-3.4.0.tgz"
    integrity sha512-69JnK7Cot+ktn7LD5TikP3b7psBPX55tYpQa8WSumt8r117PCa2zwHnImfBtRWYExreJlI48hr0WZaVrTBGj7w==
    dependencies:
      ajv "^8.11.0"
      ajv-formats "^2.1.1"
      fast-uri "^2.0.0"
  
  "@fastify/deepmerge@^1.0.0":
    version "1.1.0"
    resolved "https://registry.npmjs.org/@fastify/deepmerge/-/deepmerge-1.1.0.tgz"
    integrity sha512-E8Hfdvs1bG6u0N4vN5Nty6JONUfTdOciyD5rn8KnEsLKIenvOVcr210BQR9t34PRkNyjqnMLGk3e0BsaxRdL+g==
  
  "@fastify/error@^3.0.0":
    version "3.0.0"
    resolved "https://registry.npmjs.org/@fastify/error/-/error-3.0.0.tgz"
    integrity sha512-dPRyT40GiHRzSCll3/Jn2nPe25+E1VXc9tDwRAIKwFCxd5Np5wzgz1tmooWG3sV0qKgrBibihVoCna2ru4SEFg==
  
  "@fastify/fast-json-stringify-compiler@^4.1.0":
    version "4.1.0"
    resolved "https://registry.npmjs.org/@fastify/fast-json-stringify-compiler/-/fast-json-stringify-compiler-4.1.0.tgz"
    integrity sha512-cTKBV2J9+u6VaKDhX7HepSfPSzw+F+TSd+k0wzifj4rG+4E5PjSFJCk19P8R6tr/72cuzgGd+mbB3jFT6lvAgw==
    dependencies:
      fast-json-stringify "^5.0.0"
  
  "@prisma/engines@4.5.0":
    version "4.5.0"
    resolved "https://registry.yarnpkg.com/@prisma/engines/-/engines-4.5.0.tgz#82df347a893a5ae2a67707d44772ba181f4b9328"
    integrity sha512-4t9ir2SbQQr/wMCNU4YpHWp5hU14J2m3wHUZnGJPpmBF8YtkisxyVyQsKd1e6FyLTaGq8LOLhm6VLYHKqKNm+g==
  
  abort-controller@^3.0.0:
    version "3.0.0"
    resolved "https://registry.npmjs.org/abort-controller/-/abort-controller-3.0.0.tgz"
    integrity sha512-h8lQ8tacZYnR3vNQTgibj+tODHI5/+l06Au2Pcriv/Gmet0eaj4TwWH41sO9wnHDiQsEj19q0drzdWdeAHtweg==
    dependencies:
      event-target-shim "^5.0.0"
  
  abstract-logging@^2.0.1:
    version "2.0.1"
    resolved "https://registry.npmjs.org/abstract-logging/-/abstract-logging-2.0.1.tgz"
    integrity sha512-2BjRTZxTPvheOvGbBslFSYOUkr+SjPtOnrLP33f+VIWLzezQpZcqVg7ja3L4dBXmzzgwT+a029jRx5PCi3JuiA==
  
  ajv-formats@^2.1.1:
    version "2.1.1"
    resolved "https://registry.npmjs.org/ajv-formats/-/ajv-formats-2.1.1.tgz"
    integrity sha512-Wx0Kx52hxE7C18hkMEggYlEifqWZtYaRgouJor+WMdPnQyEK13vgEWyVNup7SoeeoLMsr4kf5h6dOW11I15MUA==
    dependencies:
      ajv "^8.0.0"
  
  ajv@^8.0.0, ajv@^8.10.0, ajv@^8.11.0:
    version "8.11.0"
    resolved "https://registry.npmjs.org/ajv/-/ajv-8.11.0.tgz"
    integrity sha512-wGgprdCvMalC0BztXvitD2hC04YffAvtsUn93JbGXYLAtCUO4xd17mCCZQxUOItiBwZvJScWo8NIvQMQ71rdpg==
    dependencies:
      fast-deep-equal "^3.1.1"
      json-schema-traverse "^1.0.0"
      require-from-string "^2.0.2"
      uri-js "^4.2.2"
  
  archy@^1.0.0:
    version "1.0.0"
    resolved "https://registry.npmjs.org/archy/-/archy-1.0.0.tgz"
    integrity sha512-Xg+9RwCg/0p32teKdGMPTPnVXKD0w3DfHnFTficozsAgsvq2XenPJq/MYpzzQ/v8zrOyJn6Ds39VA4JIDwFfqw==
  
  atomic-sleep@^1.0.0:
    version "1.0.0"
    resolved "https://registry.npmjs.org/atomic-sleep/-/atomic-sleep-1.0.0.tgz"
    integrity sha512-kNOjDqAh7px0XWNI+4QbzoiR/nTkHAWNud2uvnJquD1/x5a7EQZMJT0AczqK0Qn67oY/TTQ1LbUKajZpp3I9tQ==
  
  avvio@^8.2.0:
    version "8.2.0"
    resolved "https://registry.npmjs.org/avvio/-/avvio-8.2.0.tgz"
    integrity sha512-bbCQdg7bpEv6kGH41RO/3B2/GMMmJSo2iBK+X8AWN9mujtfUipMDfIjsgHCfpnKqoGEQrrmCDKSa5OQ19+fDmg==
    dependencies:
      archy "^1.0.0"
      debug "^4.0.0"
      fastq "^1.6.1"
  
  base64-js@^1.3.1:
    version "1.5.1"
    resolved "https://registry.npmjs.org/base64-js/-/base64-js-1.5.1.tgz"
    integrity sha512-AKpaYlHn8t4SVbOHCy+b5+KKgvR4vrsD8vbvrbiQJps7fKDTkjkDry6ji0rUJjC0kzbNePLwzxq8iypo41qeWA==
  
  buffer-from@^1.0.0:
    version "1.1.2"
    resolved "https://registry.yarnpkg.com/buffer-from/-/buffer-from-1.1.2.tgz#2b146a6fd72e80b4f55d255f35ed59a3a9a41bd5"
    integrity sha512-E+XQCRwSbaaiChtv6k6Dwgc+bx+Bs6vuKJHHl5kox/BaKbhiXzqQOwK4cO22yElGp2OCmjwVhT3HmxgyPGnJfQ==
  
  buffer@^6.0.3:
    version "6.0.3"
    resolved "https://registry.npmjs.org/buffer/-/buffer-6.0.3.tgz"
    integrity sha512-FTiCpNxtwiZZHEZbcbTIcZjERVICn9yq/pDFkTl95/AxzD1naBctN7YO68riM/gLSDY7sdrMby8hofADYuuqOA==
    dependencies:
      base64-js "^1.3.1"
      ieee754 "^1.2.1"
  
  cookie@^0.5.0:
    version "0.5.0"
    resolved "https://registry.npmjs.org/cookie/-/cookie-0.5.0.tgz"
    integrity sha512-YZ3GUyn/o8gfKJlnlX7g7xq4gyO6OSuhGPKaaGssGB2qgDUS0gPgtTvoyZLTt9Ab6dC4hfc9dV5arkvc/OCmrw==
  
  debug@^4.0.0:
    version "4.3.4"
    resolved "https://registry.npmjs.org/debug/-/debug-4.3.4.tgz"
    integrity sha512-PRWFHuSU3eDtQJPvnNY7Jcket1j0t5OuOsFzPPzsekD52Zl8qUfFIPEiswXqIvHWGVHOgX+7G/vCNNhehwxfkQ==
    dependencies:
      ms "2.1.2"
  
  esbuild-android-64@0.15.12:
    version "0.15.12"
    resolved "https://registry.yarnpkg.com/esbuild-android-64/-/esbuild-android-64-0.15.12.tgz#5e8151d5f0a748c71a7fbea8cee844ccf008e6fc"
    integrity sha512-MJKXwvPY9g0rGps0+U65HlTsM1wUs9lbjt5CU19RESqycGFDRijMDQsh68MtbzkqWSRdEtiKS1mtPzKneaAI0Q==
  
  esbuild-android-arm64@0.15.12:
    version "0.15.12"
    resolved "https://registry.yarnpkg.com/esbuild-android-arm64/-/esbuild-android-arm64-0.15.12.tgz#5ee72a6baa444bc96ffcb472a3ba4aba2cc80666"
    integrity sha512-Hc9SEcZbIMhhLcvhr1DH+lrrec9SFTiRzfJ7EGSBZiiw994gfkVV6vG0sLWqQQ6DD7V4+OggB+Hn0IRUdDUqvA==
  
  esbuild-darwin-64@0.15.12:
    version "0.15.12"
    resolved "https://registry.yarnpkg.com/esbuild-darwin-64/-/esbuild-darwin-64-0.15.12.tgz#70047007e093fa1b3ba7ef86f9b3fa63db51fe25"
    integrity sha512-qkmqrTVYPFiePt5qFjP8w/S+GIUMbt6k8qmiPraECUWfPptaPJUGkCKrWEfYFRWB7bY23FV95rhvPyh/KARP8Q==
  
  esbuild-darwin-arm64@0.15.12:
    version "0.15.12"
    resolved "https://registry.yarnpkg.com/esbuild-darwin-arm64/-/esbuild-darwin-arm64-0.15.12.tgz#41c951f23d9a70539bcca552bae6e5196696ae04"
    integrity sha512-z4zPX02tQ41kcXMyN3c/GfZpIjKoI/BzHrdKUwhC/Ki5BAhWv59A9M8H+iqaRbwpzYrYidTybBwiZAIWCLJAkw==
  
  esbuild-freebsd-64@0.15.12:
    version "0.15.12"
    resolved "https://registry.yarnpkg.com/esbuild-freebsd-64/-/esbuild-freebsd-64-0.15.12.tgz#a761b5afd12bbedb7d56c612e9cfa4d2711f33f0"
    integrity sha512-XFL7gKMCKXLDiAiBjhLG0XECliXaRLTZh6hsyzqUqPUf/PY4C6EJDTKIeqqPKXaVJ8+fzNek88285krSz1QECw==
  
  esbuild-freebsd-arm64@0.15.12:
    version "0.15.12"
    resolved "https://registry.yarnpkg.com/esbuild-freebsd-arm64/-/esbuild-freebsd-arm64-0.15.12.tgz#6b0839d4d58deabc6cbd96276eb8cbf94f7f335e"
    integrity sha512-jwEIu5UCUk6TjiG1X+KQnCGISI+ILnXzIzt9yDVrhjug2fkYzlLbl0K43q96Q3KB66v6N1UFF0r5Ks4Xo7i72g==
  
  esbuild-linux-32@0.15.12:
    version "0.15.12"
    resolved "https://registry.yarnpkg.com/esbuild-linux-32/-/esbuild-linux-32-0.15.12.tgz#bd50bfe22514d434d97d5150977496e2631345b4"
    integrity sha512-uSQuSEyF1kVzGzuIr4XM+v7TPKxHjBnLcwv2yPyCz8riV8VUCnO/C4BF3w5dHiVpCd5Z1cebBtZJNlC4anWpwA==
  
  esbuild-linux-64@0.15.12:
    version "0.15.12"
    resolved "https://registry.yarnpkg.com/esbuild-linux-64/-/esbuild-linux-64-0.15.12.tgz#074bb2b194bf658245f8490f29c01ffcdfa8c931"
    integrity sha512-QcgCKb7zfJxqT9o5z9ZUeGH1k8N6iX1Y7VNsEi5F9+HzN1OIx7ESxtQXDN9jbeUSPiRH1n9cw6gFT3H4qbdvcA==
  
  esbuild-linux-arm64@0.15.12:
    version "0.15.12"
    resolved "https://registry.yarnpkg.com/esbuild-linux-arm64/-/esbuild-linux-arm64-0.15.12.tgz#3bf789c4396dc032875a122988efd6f3733f28f5"
    integrity sha512-HtNq5xm8fUpZKwWKS2/YGwSfTF+339L4aIA8yphNKYJckd5hVdhfdl6GM2P3HwLSCORS++++7++//ApEwXEuAQ==
  
  esbuild-linux-arm@0.15.12:
    version "0.15.12"
    resolved "https://registry.yarnpkg.com/esbuild-linux-arm/-/esbuild-linux-arm-0.15.12.tgz#b91b5a8d470053f6c2c9c8a5e67ec10a71fe4a67"
    integrity sha512-Wf7T0aNylGcLu7hBnzMvsTfEXdEdJY/hY3u36Vla21aY66xR0MS5I1Hw8nVquXjTN0A6fk/vnr32tkC/C2lb0A==
  
  esbuild-linux-mips64le@0.15.12:
    version "0.15.12"
    resolved "https://registry.yarnpkg.com/esbuild-linux-mips64le/-/esbuild-linux-mips64le-0.15.12.tgz#2fb54099ada3c950a7536dfcba46172c61e580e2"
    integrity sha512-Qol3+AvivngUZkTVFgLpb0H6DT+N5/zM3V1YgTkryPYFeUvuT5JFNDR3ZiS6LxhyF8EE+fiNtzwlPqMDqVcc6A==
  
  esbuild-linux-ppc64le@0.15.12:
    version "0.15.12"
    resolved "https://registry.yarnpkg.com/esbuild-linux-ppc64le/-/esbuild-linux-ppc64le-0.15.12.tgz#9e3b8c09825fb27886249dfb3142a750df29a1b7"
    integrity sha512-4D8qUCo+CFKaR0cGXtGyVsOI7w7k93Qxb3KFXWr75An0DHamYzq8lt7TNZKoOq/Gh8c40/aKaxvcZnTgQ0TJNg==
  
  esbuild-linux-riscv64@0.15.12:
    version "0.15.12"
    resolved "https://registry.yarnpkg.com/esbuild-linux-riscv64/-/esbuild-linux-riscv64-0.15.12.tgz#923d0f5b6e12ee0d1fe116b08e4ae4478fe40693"
    integrity sha512-G9w6NcuuCI6TUUxe6ka0enjZHDnSVK8bO+1qDhMOCtl7Tr78CcZilJj8SGLN00zO5iIlwNRZKHjdMpfFgNn1VA==
  
  esbuild-linux-s390x@0.15.12:
    version "0.15.12"
    resolved "https://registry.yarnpkg.com/esbuild-linux-s390x/-/esbuild-linux-s390x-0.15.12.tgz#3b1620220482b96266a0c6d9d471d451a1eab86f"
    integrity sha512-Lt6BDnuXbXeqSlVuuUM5z18GkJAZf3ERskGZbAWjrQoi9xbEIsj/hEzVnSAFLtkfLuy2DE4RwTcX02tZFunXww==
  
  esbuild-netbsd-64@0.15.12:
    version "0.15.12"
    resolved "https://registry.yarnpkg.com/esbuild-netbsd-64/-/esbuild-netbsd-64-0.15.12.tgz#276730f80da646859b1af5a740e7802d8cd73e42"
    integrity sha512-jlUxCiHO1dsqoURZDQts+HK100o0hXfi4t54MNRMCAqKGAV33JCVvMplLAa2FwviSojT/5ZG5HUfG3gstwAG8w==
  
  esbuild-openbsd-64@0.15.12:
    version "0.15.12"
    resolved "https://registry.yarnpkg.com/esbuild-openbsd-64/-/esbuild-openbsd-64-0.15.12.tgz#bd0eea1dd2ca0722ed489d88c26714034429f8ae"
    integrity sha512-1o1uAfRTMIWNOmpf8v7iudND0L6zRBYSH45sofCZywrcf7NcZA+c7aFsS1YryU+yN7aRppTqdUK1PgbZVaB1Dw==
  
  esbuild-sunos-64@0.15.12:
    version "0.15.12"
    resolved "https://registry.yarnpkg.com/esbuild-sunos-64/-/esbuild-sunos-64-0.15.12.tgz#5e56bf9eef3b2d92360d6d29dcde7722acbecc9e"
    integrity sha512-nkl251DpoWoBO9Eq9aFdoIt2yYmp4I3kvQjba3jFKlMXuqQ9A4q+JaqdkCouG3DHgAGnzshzaGu6xofGcXyPXg==
  
  esbuild-windows-32@0.15.12:
    version "0.15.12"
    resolved "https://registry.yarnpkg.com/esbuild-windows-32/-/esbuild-windows-32-0.15.12.tgz#a4f1a301c1a2fa7701fcd4b91ef9d2620cf293d0"
    integrity sha512-WlGeBZHgPC00O08luIp5B2SP4cNCp/PcS+3Pcg31kdcJPopHxLkdCXtadLU9J82LCfw4TVls21A6lilQ9mzHrw==
  
  esbuild-windows-64@0.15.12:
    version "0.15.12"
    resolved "https://registry.yarnpkg.com/esbuild-windows-64/-/esbuild-windows-64-0.15.12.tgz#bc2b467541744d653be4fe64eaa9b0dbbf8e07f6"
    integrity sha512-VActO3WnWZSN//xjSfbiGOSyC+wkZtI8I4KlgrTo5oHJM6z3MZZBCuFaZHd8hzf/W9KPhF0lY8OqlmWC9HO5AA==
  
  esbuild-windows-arm64@0.15.12:
    version "0.15.12"
    resolved "https://registry.yarnpkg.com/esbuild-windows-arm64/-/esbuild-windows-arm64-0.15.12.tgz#9a7266404334a86be800957eaee9aef94c3df328"
    integrity sha512-Of3MIacva1OK/m4zCNIvBfz8VVROBmQT+gRX6pFTLPngFYcj6TFH/12VveAqq1k9VB2l28EoVMNMUCcmsfwyuA==
  
  esbuild@~0.15.10:
    version "0.15.12"
    resolved "https://registry.yarnpkg.com/esbuild/-/esbuild-0.15.12.tgz#6c8e22d6d3b7430d165c33848298d3fc9a1f251c"
    integrity sha512-PcT+/wyDqJQsRVhaE9uX/Oq4XLrFh0ce/bs2TJh4CSaw9xuvI+xFrH2nAYOADbhQjUgAhNWC5LKoUsakm4dxng==
    optionalDependencies:
      "@esbuild/android-arm" "0.15.12"
      "@esbuild/linux-loong64" "0.15.12"
      esbuild-android-64 "0.15.12"
      esbuild-android-arm64 "0.15.12"
      esbuild-darwin-64 "0.15.12"
      esbuild-darwin-arm64 "0.15.12"
      esbuild-freebsd-64 "0.15.12"
      esbuild-freebsd-arm64 "0.15.12"
      esbuild-linux-32 "0.15.12"
      esbuild-linux-64 "0.15.12"
      esbuild-linux-arm "0.15.12"
      esbuild-linux-arm64 "0.15.12"
      esbuild-linux-mips64le "0.15.12"
      esbuild-linux-ppc64le "0.15.12"
      esbuild-linux-riscv64 "0.15.12"
      esbuild-linux-s390x "0.15.12"
      esbuild-netbsd-64 "0.15.12"
      esbuild-openbsd-64 "0.15.12"
      esbuild-sunos-64 "0.15.12"
      esbuild-windows-32 "0.15.12"
      esbuild-windows-64 "0.15.12"
      esbuild-windows-arm64 "0.15.12"
  
  event-target-shim@^5.0.0:
    version "5.0.1"
    resolved "https://registry.npmjs.org/event-target-shim/-/event-target-shim-5.0.1.tgz"
    integrity sha512-i/2XbnSz/uxRCU6+NdVJgKWDTM427+MqYbkQzD321DuCQJUqOuJKIA0IM2+W2xtYHdKOmZ4dR6fExsd4SXL+WQ==
  
  events@^3.3.0:
    version "3.3.0"
    resolved "https://registry.npmjs.org/events/-/events-3.3.0.tgz"
    integrity sha512-mQw+2fkQbALzQ7V0MY0IqdnXNOeTtP4r0lN9z7AAawCXgqea7bDii20AYrIBrFd/Hx0M2Ocz6S111CaFkUcb0Q==
  
  fast-decode-uri-component@^1.0.1:
    version "1.0.1"
    resolved "https://registry.npmjs.org/fast-decode-uri-component/-/fast-decode-uri-component-1.0.1.tgz"
    integrity sha512-WKgKWg5eUxvRZGwW8FvfbaH7AXSh2cL+3j5fMGzUMCxWBJ3dV3a7Wz8y2f/uQ0e3B6WmodD3oS54jTQ9HVTIIg==
  
  fast-deep-equal@^3.1.1, fast-deep-equal@^3.1.3:
    version "3.1.3"
    resolved "https://registry.npmjs.org/fast-deep-equal/-/fast-deep-equal-3.1.3.tgz"
    integrity sha512-f3qQ9oQy9j2AhBe/H9VC91wLmKBCCU/gDOnKNAYG5hswO7BLKj09Hc5HYNz9cGI++xlpDCIgDaitVs03ATR84Q==
  
  fast-json-stringify@^5.0.0:
    version "5.4.0"
    resolved "https://registry.npmjs.org/fast-json-stringify/-/fast-json-stringify-5.4.0.tgz"
    integrity sha512-PIzon53oX/zEGLrGbu4DpfNcYiV4K4rk+JsVrawRPO/G8cNBEMZ3KlIk2BCGqN+m1KCCA4zt5E7Hh3GG9ojRVA==
    dependencies:
      "@fastify/deepmerge" "^1.0.0"
      ajv "^8.10.0"
      ajv-formats "^2.1.1"
      fast-deep-equal "^3.1.3"
      fast-uri "^2.1.0"
      rfdc "^1.2.0"
  
  fast-querystring@^1.0.0:
    version "1.0.0"
    resolved "https://registry.npmjs.org/fast-querystring/-/fast-querystring-1.0.0.tgz"
    integrity sha512-3LQi62IhQoDlmt4ULCYmh17vRO2EtS7hTSsG4WwoKWgV7GLMKBOecEh+aiavASnLx8I2y89OD33AGLo0ccRhzA==
    dependencies:
      fast-decode-uri-component "^1.0.1"
  
  fast-redact@^3.1.1:
    version "3.1.2"
    resolved "https://registry.npmjs.org/fast-redact/-/fast-redact-3.1.2.tgz"
    integrity sha512-+0em+Iya9fKGfEQGcd62Yv6onjBmmhV1uh86XVfOU8VwAe6kaFdQCWI9s0/Nnugx5Vd9tdbZ7e6gE2tR9dzXdw==
  
  fast-uri@^2.0.0, fast-uri@^2.1.0:
    version "2.1.0"
    resolved "https://registry.npmjs.org/fast-uri/-/fast-uri-2.1.0.tgz"
    integrity sha512-qKRta6N7BWEFVlyonVY/V+BMLgFqktCUV0QjT259ekAIlbVrMaFnFLxJ4s/JPl4tou56S1BzPufI60bLe29fHA==
  
  fastify@^4.9.2:
    version "4.9.2"
    resolved "https://registry.npmjs.org/fastify/-/fastify-4.9.2.tgz"
    integrity sha512-Mk3hv7ZRet2huMYN6IJ8RGy1TAAC7LJsCEjxLf808zafAADNu43xRzbl7FSEIBxKyhntTM0F626Oc34LUNcUxQ==
    dependencies:
      "@fastify/ajv-compiler" "^3.3.1"
      "@fastify/error" "^3.0.0"
      "@fastify/fast-json-stringify-compiler" "^4.1.0"
      abstract-logging "^2.0.1"
      avvio "^8.2.0"
      find-my-way "^7.3.0"
      light-my-request "^5.6.1"
      pino "^8.5.0"
      process-warning "^2.0.0"
      proxy-addr "^2.0.7"
      rfdc "^1.3.0"
      secure-json-parse "^2.5.0"
      semver "^7.3.7"
      tiny-lru "^9.0.2"
  
  fastq@^1.6.1:
    version "1.13.0"
    resolved "https://registry.npmjs.org/fastq/-/fastq-1.13.0.tgz"
    integrity sha512-YpkpUnK8od0o1hmeSc7UUs/eB/vIPWJYjKck2QKIzAf71Vm1AAQ3EbuZB3g2JIy+pg+ERD0vqI79KyZiB2e2Nw==
    dependencies:
      reusify "^1.0.4"
  
  find-my-way@^7.3.0:
    version "7.3.1"
    resolved "https://registry.npmjs.org/find-my-way/-/find-my-way-7.3.1.tgz"
    integrity sha512-kGvM08SOkqvheLcuQ8GW9t/H901Qb9rZEbcNWbXopzy4jDRoaJpJoObPSKf4MnQLZ20ZTp7rL5MpF6rf+pqmyg==
    dependencies:
      fast-deep-equal "^3.1.3"
      fast-querystring "^1.0.0"
      safe-regex2 "^2.0.0"
  
  forwarded@0.2.0:
    version "0.2.0"
    resolved "https://registry.npmjs.org/forwarded/-/forwarded-0.2.0.tgz"
    integrity sha512-buRG0fpBtRHSTCOASe6hD258tEubFoRLb4ZNA6NxMVHNw2gOcwHo9wyablzMzOA5z9xA9L1KNjk/Nt6MT9aYow==
  
  fsevents@~2.3.2:
    version "2.3.2"
    resolved "https://registry.yarnpkg.com/fsevents/-/fsevents-2.3.2.tgz#8a526f78b8fdf4623b709e0b975c52c24c02fd1a"
    integrity sha512-xiqMQR4xAeHTuB9uWm+fFRcIOgKBMiOBP+eXiyT7jsgVCq1bkVygt00oASowB7EdtpOHaaPgKt812P9ab+DDKA==
  
  get-tsconfig@^4.2.0:
    version "4.2.0"
    resolved "https://registry.yarnpkg.com/get-tsconfig/-/get-tsconfig-4.2.0.tgz#ff368dd7104dab47bf923404eb93838245c66543"
    integrity sha512-X8u8fREiYOE6S8hLbq99PeykTDoLVnxvF4DjWKJmz9xy2nNRdUcV8ZN9tniJFeKyTU3qnC9lL8n4Chd6LmVKHg==
  
  ieee754@^1.2.1:
    version "1.2.1"
    resolved "https://registry.npmjs.org/ieee754/-/ieee754-1.2.1.tgz"
    integrity sha512-dcyqhDvX1C46lXZcVqCpK+FtMRQVdIMN6/Df5js2zouUsqG7I6sFxitIC+7KYK29KdXOLHdu9zL4sFnoVQnqaA==
  
  ipaddr.js@1.9.1:
    version "1.9.1"
    resolved "https://registry.npmjs.org/ipaddr.js/-/ipaddr.js-1.9.1.tgz"
    integrity sha512-0KI/607xoxSToH7GjN1FfSbLoU0+btTicjsQSWQlh/hZykN8KpmMf7uYwPW3R+akZ6R/w18ZlXSHBYXiYUPO3g==
  
  json-schema-traverse@^1.0.0:
    version "1.0.0"
    resolved "https://registry.npmjs.org/json-schema-traverse/-/json-schema-traverse-1.0.0.tgz"
    integrity sha512-NM8/P9n3XjXhIZn1lLhkFaACTOURQXjWhV4BA/RnOv8xvgqtqpAX9IO4mRQxSx1Rlo4tqzeqb0sOlruaOy3dug==
  
  light-my-request@^5.6.1:
    version "5.6.1"
    resolved "https://registry.npmjs.org/light-my-request/-/light-my-request-5.6.1.tgz"
    integrity sha512-sbJnC1UBRivi9L1kICr3CESb82pNiPNB3TvtdIrZZqW0Qh8uDXvoywMmWKZlihDcmw952CMICCzM+54LDf+E+g==
    dependencies:
      cookie "^0.5.0"
      process-warning "^2.0.0"
      set-cookie-parser "^2.4.1"
  
  lru-cache@^6.0.0:
    version "6.0.0"
    resolved "https://registry.npmjs.org/lru-cache/-/lru-cache-6.0.0.tgz"
    integrity sha512-Jo6dJ04CmSjuznwJSS3pUeWmd/H0ffTlkXXgwZi+eq1UCmqQwCh+eLsYOYCwY991i2Fah4h1BEMCx4qThGbsiA==
    dependencies:
      yallist "^4.0.0"
  
  ms@2.1.2:
    version "2.1.2"
    resolved "https://registry.npmjs.org/ms/-/ms-2.1.2.tgz"
    integrity sha512-sGkPx+VjMtmA6MX27oA4FBFELFCZZ4S4XqeGOXCv68tT+jb3vk/RyaKWP0PTKyWtmLSM0b+adUTEvbs1PEaH2w==
  
  on-exit-leak-free@^2.1.0:
    version "2.1.0"
    resolved "https://registry.npmjs.org/on-exit-leak-free/-/on-exit-leak-free-2.1.0.tgz"
    integrity sha512-VuCaZZAjReZ3vUwgOB8LxAosIurDiAW0s13rI1YwmaP++jvcxP77AWoQvenZebpCA2m8WC1/EosPYPMjnRAp/w==
  
  pino-abstract-transport@v1.0.0:
    version "1.0.0"
    resolved "https://registry.npmjs.org/pino-abstract-transport/-/pino-abstract-transport-1.0.0.tgz"
    integrity sha512-c7vo5OpW4wIS42hUVcT5REsL8ZljsUfBjqV/e2sFxmFEFZiq1XLUp5EYLtuDH6PEHq9W1egWqRbnLUP5FuZmOA==
    dependencies:
      readable-stream "^4.0.0"
      split2 "^4.0.0"
  
  pino-std-serializers@^6.0.0:
    version "6.0.0"
    resolved "https://registry.npmjs.org/pino-std-serializers/-/pino-std-serializers-6.0.0.tgz"
    integrity sha512-mMMOwSKrmyl+Y12Ri2xhH1lbzQxwwpuru9VjyJpgFIH4asSj88F2csdMwN6+M5g1Ll4rmsYghHLQJw81tgZ7LQ==
  
  pino@^8.5.0:
    version "8.7.0"
    resolved "https://registry.npmjs.org/pino/-/pino-8.7.0.tgz"
    integrity sha512-l9sA5uPxmZzwydhMWUcm1gI0YxNnYl8MfSr2h8cwLvOAzQLBLewzF247h/vqHe3/tt6fgtXeG9wdjjoetdI/vA==
    dependencies:
      atomic-sleep "^1.0.0"
      fast-redact "^3.1.1"
      on-exit-leak-free "^2.1.0"
      pino-abstract-transport v1.0.0
      pino-std-serializers "^6.0.0"
      process-warning "^2.0.0"
      quick-format-unescaped "^4.0.3"
      real-require "^0.2.0"
      safe-stable-stringify "^2.3.1"
      sonic-boom "^3.1.0"
      thread-stream "^2.0.0"
  
  prisma@^4.5.0:
    version "4.5.0"
    resolved "https://registry.yarnpkg.com/prisma/-/prisma-4.5.0.tgz#361ae3f4476d0821b97645e5da42975a7c2943bb"
    integrity sha512-9Aeg4qiKlv9Wsjz4NO8k2CzRzlvS3A4FYVJ5+28sBBZ0eEwbiVOE/Jj7v6rZC1tFW2s4GSICQOAyuOjc6WsNew==
    dependencies:
      "@prisma/engines" "4.5.0"
  
  process-warning@^2.0.0:
    version "2.0.0"
    resolved "https://registry.npmjs.org/process-warning/-/process-warning-2.0.0.tgz"
    integrity sha512-+MmoAXoUX+VTHAlwns0h+kFUWFs/3FZy+ZuchkgjyOu3oioLAo2LB5aCfKPh2+P9O18i3m43tUEv3YqttSy0Ww==
  
  process@^0.11.10:
    version "0.11.10"
    resolved "https://registry.npmjs.org/process/-/process-0.11.10.tgz"
    integrity sha512-cdGef/drWFoydD1JsMzuFf8100nZl+GT+yacc2bEced5f9Rjk4z+WtFUTBu9PhOi9j/jfmBPu0mMEY4wIdAF8A==
  
  proxy-addr@^2.0.7:
    version "2.0.7"
    resolved "https://registry.npmjs.org/proxy-addr/-/proxy-addr-2.0.7.tgz"
    integrity sha512-llQsMLSUDUPT44jdrU/O37qlnifitDP+ZwrmmZcoSKyLKvtZxpyV0n2/bD/N4tBAAZ/gJEdZU7KMraoK1+XYAg==
    dependencies:
      forwarded "0.2.0"
      ipaddr.js "1.9.1"
  
  punycode@^2.1.0:
    version "2.1.1"
    resolved "https://registry.npmjs.org/punycode/-/punycode-2.1.1.tgz"
    integrity sha512-XRsRjdf+j5ml+y/6GKHPZbrF/8p2Yga0JPtdqTIY2Xe5ohJPD9saDJJLPvp9+NSBprVvevdXZybnj2cv8OEd0A==
  
  quick-format-unescaped@^4.0.3:
    version "4.0.4"
    resolved "https://registry.npmjs.org/quick-format-unescaped/-/quick-format-unescaped-4.0.4.tgz"
    integrity sha512-tYC1Q1hgyRuHgloV/YXs2w15unPVh8qfu/qCTfhTYamaw7fyhumKa2yGpdSo87vY32rIclj+4fWYQXUMs9EHvg==
  
  readable-stream@^4.0.0:
    version "4.2.0"
    resolved "https://registry.npmjs.org/readable-stream/-/readable-stream-4.2.0.tgz"
    integrity sha512-gJrBHsaI3lgBoGMW/jHZsQ/o/TIWiu5ENCJG1BB7fuCKzpFM8GaS2UoBVt9NO+oI+3FcrBNbUkl3ilDe09aY4A==
    dependencies:
      abort-controller "^3.0.0"
      buffer "^6.0.3"
      events "^3.3.0"
      process "^0.11.10"
  
  real-require@^0.2.0:
    version "0.2.0"
    resolved "https://registry.npmjs.org/real-require/-/real-require-0.2.0.tgz"
    integrity sha512-57frrGM/OCTLqLOAh0mhVA9VBMHd+9U7Zb2THMGdBUoZVOtGbJzjxsYGDJ3A9AYYCP4hn6y1TVbaOfzWtm5GFg==
  
  require-from-string@^2.0.2:
    version "2.0.2"
    resolved "https://registry.npmjs.org/require-from-string/-/require-from-string-2.0.2.tgz"
    integrity sha512-Xf0nWe6RseziFMu+Ap9biiUbmplq6S9/p+7w7YXP/JBHhrUDDUhwa+vANyubuqfZWTveU//DYVGsDG7RKL/vEw==
  
  ret@~0.2.0:
    version "0.2.2"
    resolved "https://registry.npmjs.org/ret/-/ret-0.2.2.tgz"
    integrity sha512-M0b3YWQs7R3Z917WRQy1HHA7Ba7D8hvZg6UE5mLykJxQVE2ju0IXbGlaHPPlkY+WN7wFP+wUMXmBFA0aV6vYGQ==
  
  reusify@^1.0.4:
    version "1.0.4"
    resolved "https://registry.npmjs.org/reusify/-/reusify-1.0.4.tgz"
    integrity sha512-U9nH88a3fc/ekCF1l0/UP1IosiuIjyTh7hBvXVMHYgVcfGvt897Xguj2UOLDeI5BG2m7/uwyaLVT6fbtCwTyzw==
  
  rfdc@^1.2.0, rfdc@^1.3.0:
    version "1.3.0"
    resolved "https://registry.npmjs.org/rfdc/-/rfdc-1.3.0.tgz"
    integrity sha512-V2hovdzFbOi77/WajaSMXk2OLm+xNIeQdMMuB7icj7bk6zi2F8GGAxigcnDFpJHbNyNcgyJDiP+8nOrY5cZGrA==
  
  safe-regex2@^2.0.0:
    version "2.0.0"
    resolved "https://registry.npmjs.org/safe-regex2/-/safe-regex2-2.0.0.tgz"
    integrity sha512-PaUSFsUaNNuKwkBijoAPHAK6/eM6VirvyPWlZ7BAQy4D+hCvh4B6lIG+nPdhbFfIbP+gTGBcrdsOaUs0F+ZBOQ==
    dependencies:
      ret "~0.2.0"
  
  safe-stable-stringify@^2.3.1:
    version "2.4.1"
    resolved "https://registry.npmjs.org/safe-stable-stringify/-/safe-stable-stringify-2.4.1.tgz"
    integrity sha512-dVHE6bMtS/bnL2mwualjc6IxEv1F+OCUpA46pKUj6F8uDbUM0jCCulPqRNPSnWwGNKx5etqMjZYdXtrm5KJZGA==
  
  secure-json-parse@^2.5.0:
    version "2.5.0"
    resolved "https://registry.npmjs.org/secure-json-parse/-/secure-json-parse-2.5.0.tgz"
    integrity sha512-ZQruFgZnIWH+WyO9t5rWt4ZEGqCKPwhiw+YbzTwpmT9elgLrLcfuyUiSnwwjUiVy9r4VM3urtbNF1xmEh9IL2w==
  
  semver@^7.3.7:
    version "7.3.8"
    resolved "https://registry.npmjs.org/semver/-/semver-7.3.8.tgz"
    integrity sha512-NB1ctGL5rlHrPJtFDVIVzTyQylMLu9N9VICA6HSFJo8MCGVTMW6gfpicwKmmK/dAjTOrqu5l63JJOpDSrAis3A==
    dependencies:
      lru-cache "^6.0.0"
  
  set-cookie-parser@^2.4.1:
    version "2.5.1"
    resolved "https://registry.npmjs.org/set-cookie-parser/-/set-cookie-parser-2.5.1.tgz"
    integrity sha512-1jeBGaKNGdEq4FgIrORu/N570dwoPYio8lSoYLWmX7sQ//0JY08Xh9o5pBcgmHQ/MbsYp/aZnOe1s1lIsbLprQ==
  
  sonic-boom@^3.1.0:
    version "3.2.0"
    resolved "https://registry.npmjs.org/sonic-boom/-/sonic-boom-3.2.0.tgz"
    integrity sha512-SbbZ+Kqj/XIunvIAgUZRlqd6CGQYq71tRRbXR92Za8J/R3Yh4Av+TWENiSiEgnlwckYLyP0YZQWVfyNC0dzLaA==
    dependencies:
      atomic-sleep "^1.0.0"
  
  source-map-support@^0.5.21:
    version "0.5.21"
    resolved "https://registry.yarnpkg.com/source-map-support/-/source-map-support-0.5.21.tgz#04fe7c7f9e1ed2d662233c28cb2b35b9f63f6e4f"
    integrity sha512-uBHU3L3czsIyYXKX88fdrGovxdSCoTGDRZ6SYXtSRxLZUzHg5P/66Ht6uoUlHu9EZod+inXhKo3qQgwXUT/y1w==
    dependencies:
      buffer-from "^1.0.0"
      source-map "^0.6.0"
  
  source-map@^0.6.0:
    version "0.6.1"
    resolved "https://registry.yarnpkg.com/source-map/-/source-map-0.6.1.tgz#74722af32e9614e9c287a8d0bbde48b5e2f1a263"
    integrity sha512-UjgapumWlbMhkBgzT7Ykc5YXUT46F0iKu8SGXq0bcwP5dz/h0Plj6enJqjz1Zbq2l5WaqYnrVbwWOWMyF3F47g==
  
  split2@^4.0.0:
    version "4.1.0"
    resolved "https://registry.npmjs.org/split2/-/split2-4.1.0.tgz"
    integrity sha512-VBiJxFkxiXRlUIeyMQi8s4hgvKCSjtknJv/LVYbrgALPwf5zSKmEwV9Lst25AkvMDnvxODugjdl6KZgwKM1WYQ==
  
  thread-stream@^2.0.0:
    version "2.2.0"
    resolved "https://registry.npmjs.org/thread-stream/-/thread-stream-2.2.0.tgz"
    integrity sha512-rUkv4/fnb4rqy/gGy7VuqK6wE1+1DOCOWy4RMeaV69ZHMP11tQKZvZSip1yTgrKCMZzEMcCL/bKfHvSfDHx+iQ==
    dependencies:
      real-require "^0.2.0"
  
  tiny-lru@^9.0.2:
    version "9.0.3"
    resolved "https://registry.npmjs.org/tiny-lru/-/tiny-lru-9.0.3.tgz"
    integrity sha512-/i9GruRjXsnDgehxvy6iZ4AFNVxngEFbwzirhdulomMNPGPVV3ECMZOWSw0w4sRMZ9Al9m4jy08GPvRxRUGYlw==
  
  tsx@^3.11.0:
    version "3.11.0"
    resolved "https://registry.yarnpkg.com/tsx/-/tsx-3.11.0.tgz#866dd2de4b4b26d92d3e132b9795db2f65db44d3"
    integrity sha512-q+q4xxu41+AafVwvAGqtNJ1ekPFd33ZhTMXvgIpHMqv/W89efwDRE9IyjhEAZm5iTHsshKaf1BYWSk789BrNCA==
    dependencies:
      "@esbuild-kit/cjs-loader" "^2.4.0"
      "@esbuild-kit/core-utils" "^3.0.0"
      "@esbuild-kit/esm-loader" "^2.5.0"
    optionalDependencies:
      fsevents "~2.3.2"
  
  typescript@^4.8.4:
    version "4.8.4"
    resolved "https://registry.npmjs.org/typescript/-/typescript-4.8.4.tgz"
    integrity sha512-QCh+85mCy+h0IGff8r5XWzOVSbBO+KfeYrMQh7NJ58QujwcE22u+NUSmUxqF+un70P9GXKxa2HCNiTTMJknyjQ==
  
  uri-js@^4.2.2:
    version "4.4.1"
    resolved "https://registry.npmjs.org/uri-js/-/uri-js-4.4.1.tgz"
    integrity sha512-7rKUyy33Q1yc98pQ1DAmLtwX109F7TIfWlW1Ydo8Wl1ii1SeHieeh0HHfPeL2fMXK6z0s8ecKs9frCuLJvndBg==
    dependencies:
      punycode "^2.1.0"
  
  yallist@^4.0.0:
    version "4.0.0"
    resolved "https://registry.npmjs.org/yallist/-/yallist-4.0.0.tgz"
    integrity sha512-3wdGidZyq5PB084XLES5TpOSRA3wjXAlIWMhum2kRcv/41Sn2emQ0dycQW4uZXLejwKvg6EsvbdlVL+FYEct7A==
